<?xml version="1.0" encoding="UTF-8" ?>
<testsuite errors="0" failures="0" hostname="ag-delete" name="app.model.OperationTest" skipped="0" tests="4" time="0.24" timestamp="2026-06-20T09:15:58">
  <properties>
[...]
</properties>
  <testcase classname="app.model.OperationTest" name="shouldContainThreeOperations" time="0.016" />
  <testcase classname="app.model.OperationTest" name="shouldReturnMinMaxLabel" time="0.001" />
  <testcase classname="app.model.OperationTest" name="shouldReturnAverageLabel" time="0.001" />
  <testcase classname="app.model.OperationTest" name="shouldReturnSumLabel" time="0.001" />
  <system-out><![CDATA[]]></system-out>
  <system-err><![CDATA[]]></system-err>
</testsuite>
